2021-10-12 10:21:05,624 [INFO] com.flightSerachMicroservice.FlightSerachMicroserviceApplication [restartedMain] Starting FlightSerachMicroserviceApplication using Java 1.8.0_181 on Amar with PID 6196 (C:\Users\amarm_000\Desktop\FlightBookingSystemApp\flightSerachMicroservice\target\classes started by Amar in C:\Users\amarm_000\Desktop\FlightBookingSystemApp\flightSerachMicroservice)
2021-10-12 10:21:05,649 [INFO] com.flightSerachMicroservice.FlightSerachMicroserviceApplication [restartedMain] No active profile set, falling back to default profiles: default
2021-10-12 10:21:06,728 [INFO] org.springframework.boot.devtools.env.DevToolsPropertyDefaultsPostProcessor [restartedMain] Devtools property defaults active! Set 'spring.devtools.add-properties' to 'false' to disable
2021-10-12 10:21:06,730 [INFO] org.springframework.boot.devtools.env.DevToolsPropertyDefaultsPostProcessor [restartedMain] For additional web related logging consider setting the 'logging.level.web' property to 'DEBUG'
2021-10-12 10:21:27,254 [INFO] org.springframework.data.repository.config.RepositoryConfigurationDelegate [restartedMain] Bootstrapping Spring Data MongoDB repositories in DEFAULT mode.
2021-10-12 10:21:30,269 [INFO] org.springframework.data.repository.config.RepositoryConfigurationDelegate [restartedMain] Finished Spring Data repository scanning in 2999 ms. Found 1 MongoDB repository interfaces.
2021-10-12 10:21:33,056 [INFO] org.springframework.cloud.context.scope.GenericScope [restartedMain] BeanFactory id=1c1a262e-48f8-3083-8b88-edc009825d80
2021-10-12 10:21:46,603 [INFO] org.springframework.boot.web.embedded.tomcat.TomcatWebServer [restartedMain] Tomcat initialized with port(s): 8080 (http)
2021-10-12 10:21:46,729 [INFO] org.apache.catalina.core.StandardService [restartedMain] Starting service [Tomcat]
2021-10-12 10:21:46,736 [INFO] org.apache.catalina.core.StandardEngine [restartedMain] Starting Servlet engine: [Apache Tomcat/9.0.52]
2021-10-12 10:21:49,537 [INFO] org.apache.catalina.core.ContainerBase.[Tomcat].[localhost].[/] [restartedMain] Initializing Spring embedded WebApplicationContext
2021-10-12 10:21:49,540 [INFO] org.springframework.boot.web.servlet.context.ServletWebServerApplicationContext [restartedMain] Root WebApplicationContext: initialization completed in 42807 ms
2021-10-12 10:23:00,190 [WARN] org.springframework.boot.web.servlet.context.AnnotationConfigServletWebServerApplicationContext [restartedMain] Exception encountered during context initialization - cancelling refresh attempt: org.springframework.beans.factory.UnsatisfiedDependencyException: Error creating bean with name 'searchController': Unsatisfied dependency expressed through field 'flightrepositary'; nested exception is org.springframework.beans.factory.BeanCreationException: Error creating bean with name 'flightRepositary' defined in com.flightSerachMicroservice.SearchRepositary.flightRepositary defined in @EnableMongoRepositories declared on MongoRepositoriesRegistrar.EnableMongoRepositoriesConfiguration: Cannot resolve reference to bean 'mongoTemplate' while setting bean property 'mongoOperations'; nested exception is org.springframework.beans.factory.UnsatisfiedDependencyException: Error creating bean with name 'mongoTemplate' defined in class path resource [org/springframework/boot/autoconfigure/data/mongo/MongoDatabaseFactoryDependentConfiguration.class]: Unsatisfied dependency expressed through method 'mongoTemplate' parameter 0; nested exception is org.springframework.beans.factory.UnsatisfiedDependencyException: Error creating bean with name 'mongoDatabaseFactory' defined in class path resource [org/springframework/boot/autoconfigure/data/mongo/MongoDatabaseFactoryConfiguration.class]: Unsatisfied dependency expressed through method 'mongoDatabaseFactory' parameter 0; nested exception is org.springframework.beans.factory.BeanCreationException: Error creating bean with name 'mongo' defined in class path resource [org/springframework/boot/autoconfigure/mongo/MongoAutoConfiguration.class]: Bean instantiation via factory method failed; nested exception is org.springframework.beans.BeanInstantiationException: Failed to instantiate [com.mongodb.client.MongoClient]: Factory method 'mongo' threw exception; nested exception is com.mongodb.MongoConfigurationException: Unable to look up TXT record for host flights.kiatw.mongodb.net
2021-10-12 10:23:00,211 [INFO] org.apache.catalina.core.StandardService [restartedMain] Stopping service [Tomcat]
2021-10-12 10:23:00,271 [INFO] org.springframework.boot.autoconfigure.logging.ConditionEvaluationReportLoggingListener [restartedMain] 

Error starting ApplicationContext. To display the conditions report re-run your application with 'debug' enabled.
2021-10-12 10:23:00,414 [ERROR] org.springframework.boot.SpringApplication [restartedMain] Application run failed
org.springframework.beans.factory.UnsatisfiedDependencyException: Error creating bean with name 'searchController': Unsatisfied dependency expressed through field 'flightrepositary'; nested exception is org.springframework.beans.factory.BeanCreationException: Error creating bean with name 'flightRepositary' defined in com.flightSerachMicroservice.SearchRepositary.flightRepositary defined in @EnableMongoRepositories declared on MongoRepositoriesRegistrar.EnableMongoRepositoriesConfiguration: Cannot resolve reference to bean 'mongoTemplate' while setting bean property 'mongoOperations'; nested exception is org.springframework.beans.factory.UnsatisfiedDependencyException: Error creating bean with name 'mongoTemplate' defined in class path resource [org/springframework/boot/autoconfigure/data/mongo/MongoDatabaseFactoryDependentConfiguration.class]: Unsatisfied dependency expressed through method 'mongoTemplate' parameter 0; nested exception is org.springframework.beans.factory.UnsatisfiedDependencyException: Error creating bean with name 'mongoDatabaseFactory' defined in class path resource [org/springframework/boot/autoconfigure/data/mongo/MongoDatabaseFactoryConfiguration.class]: Unsatisfied dependency expressed through method 'mongoDatabaseFactory' parameter 0; nested exception is org.springframework.beans.factory.BeanCreationException: Error creating bean with name 'mongo' defined in class path resource [org/springframework/boot/autoconfigure/mongo/MongoAutoConfiguration.class]: Bean instantiation via factory method failed; nested exception is org.springframework.beans.BeanInstantiationException: Failed to instantiate [com.mongodb.client.MongoClient]: Factory method 'mongo' threw exception; nested exception is com.mongodb.MongoConfigurationException: Unable to look up TXT record for host flights.kiatw.mongodb.net
	at org.springframework.beans.factory.annotation.AutowiredAnnotationBeanPostProcessor$AutowiredFieldElement.resolveFieldValue(AutowiredAnnotationBeanPostProcessor.java:660)
	at org.springframework.beans.factory.annotation.AutowiredAnnotationBeanPostProcessor$AutowiredFieldElement.inject(AutowiredAnnotationBeanPostProcessor.java:640)
	at org.springframework.beans.factory.annotation.InjectionMetadata.inject(InjectionMetadata.java:119)
	at org.springframework.beans.factory.annotation.AutowiredAnnotationBeanPostProcessor.postProcessProperties(AutowiredAnnotationBeanPostProcessor.java:399)
	at org.springframework.beans.factory.support.AbstractAutowireCapableBeanFactory.populateBean(AbstractAutowireCapableBeanFactory.java:1413)
	at org.springframework.beans.factory.support.AbstractAutowireCapableBeanFactory.doCreateBean(AbstractAutowireCapableBeanFactory.java:601)
	at org.springframework.beans.factory.support.AbstractAutowireCapableBeanFactory.createBean(AbstractAutowireCapableBeanFactory.java:524)
	at org.springframework.beans.factory.support.AbstractBeanFactory.lambda$doGetBean$0(AbstractBeanFactory.java:335)
	at org.springframework.beans.factory.support.DefaultSingletonBeanRegistry.getSingleton(DefaultSingletonBeanRegistry.java:234)
	at org.springframework.beans.factory.support.AbstractBeanFactory.doGetBean(AbstractBeanFactory.java:333)
	at org.springframework.beans.factory.support.AbstractBeanFactory.getBean(AbstractBeanFactory.java:208)
	at org.springframework.beans.factory.support.DefaultListableBeanFactory.preInstantiateSingletons(DefaultListableBeanFactory.java:944)
	at org.springframework.context.support.AbstractApplicationContext.finishBeanFactoryInitialization(AbstractApplicationContext.java:918)
	at org.springframework.context.support.AbstractApplicationContext.refresh(AbstractApplicationContext.java:583)
	at org.springframework.boot.web.servlet.context.ServletWebServerApplicationContext.refresh(ServletWebServerApplicationContext.java:145)
	at org.springframework.boot.SpringApplication.refresh(SpringApplication.java:754)
	at org.springframework.boot.SpringApplication.refreshContext(SpringApplication.java:434)
	at org.springframework.boot.SpringApplication.run(SpringApplication.java:338)
	at org.springframework.boot.SpringApplication.run(SpringApplication.java:1343)
	at org.springframework.boot.SpringApplication.run(SpringApplication.java:1332)
	at com.flightSerachMicroservice.FlightSerachMicroserviceApplication.main(FlightSerachMicroserviceApplication.java:14)
	at sun.reflect.NativeMethodAccessorImpl.invoke0(Native Method)
	at sun.reflect.NativeMethodAccessorImpl.invoke(NativeMethodAccessorImpl.java:62)
	at sun.reflect.DelegatingMethodAccessorImpl.invoke(DelegatingMethodAccessorImpl.java:43)
	at java.lang.reflect.Method.invoke(Method.java:498)
	at org.springframework.boot.devtools.restart.RestartLauncher.run(RestartLauncher.java:49)
Caused by: org.springframework.beans.factory.BeanCreationException: Error creating bean with name 'flightRepositary' defined in com.flightSerachMicroservice.SearchRepositary.flightRepositary defined in @EnableMongoRepositories declared on MongoRepositoriesRegistrar.EnableMongoRepositoriesConfiguration: Cannot resolve reference to bean 'mongoTemplate' while setting bean property 'mongoOperations'; nested exception is org.springframework.beans.factory.UnsatisfiedDependencyException: Error creating bean with name 'mongoTemplate' defined in class path resource [org/springframework/boot/autoconfigure/data/mongo/MongoDatabaseFactoryDependentConfiguration.class]: Unsatisfied dependency expressed through method 'mongoTemplate' parameter 0; nested exception is org.springframework.beans.factory.UnsatisfiedDependencyException: Error creating bean with name 'mongoDatabaseFactory' defined in class path resource [org/springframework/boot/autoconfigure/data/mongo/MongoDatabaseFactoryConfiguration.class]: Unsatisfied dependency expressed through method 'mongoDatabaseFactory' parameter 0; nested exception is org.springframework.beans.factory.BeanCreationException: Error creating bean with name 'mongo' defined in class path resource [org/springframework/boot/autoconfigure/mongo/MongoAutoConfiguration.class]: Bean instantiation via factory method failed; nested exception is org.springframework.beans.BeanInstantiationException: Failed to instantiate [com.mongodb.client.MongoClient]: Factory method 'mongo' threw exception; nested exception is com.mongodb.MongoConfigurationException: Unable to look up TXT record for host flights.kiatw.mongodb.net
	at org.springframework.beans.factory.support.BeanDefinitionValueResolver.resolveReference(BeanDefinitionValueResolver.java:342)
	at org.springframework.beans.factory.support.BeanDefinitionValueResolver.resolveValueIfNecessary(BeanDefinitionValueResolver.java:113)
	at org.springframework.beans.factory.support.AbstractAutowireCapableBeanFactory.applyPropertyValues(AbstractAutowireCapableBeanFactory.java:1689)
	at org.springframework.beans.factory.support.AbstractAutowireCapableBeanFactory.populateBean(AbstractAutowireCapableBeanFactory.java:1434)
	at org.springframework.beans.factory.support.AbstractAutowireCapableBeanFactory.doCreateBean(AbstractAutowireCapableBeanFactory.java:601)
	at org.springframework.beans.factory.support.AbstractAutowireCapableBeanFactory.createBean(AbstractAutowireCapableBeanFactory.java:524)
	at org.springframework.beans.factory.support.AbstractBeanFactory.lambda$doGetBean$0(AbstractBeanFactory.java:335)
	at org.springframework.beans.factory.support.DefaultSingletonBeanRegistry.getSingleton(DefaultSingletonBeanRegistry.java:234)
	at org.springframework.beans.factory.support.AbstractBeanFactory.doGetBean(AbstractBeanFactory.java:333)
	at org.springframework.beans.factory.support.AbstractBeanFactory.getBean(AbstractBeanFactory.java:208)
	at org.springframework.beans.factory.config.DependencyDescriptor.resolveCandidate(DependencyDescriptor.java:276)
	at org.springframework.beans.factory.support.DefaultListableBeanFactory.doResolveDependency(DefaultListableBeanFactory.java:1380)
	at org.springframework.beans.factory.support.DefaultListableBeanFactory.resolveDependency(DefaultListableBeanFactory.java:1300)
	at org.springframework.beans.factory.annotation.AutowiredAnnotationBeanPostProcessor$AutowiredFieldElement.resolveFieldValue(AutowiredAnnotationBeanPostProcessor.java:657)
	... 25 common frames omitted
Caused by: org.springframework.beans.factory.UnsatisfiedDependencyException: Error creating bean with name 'mongoTemplate' defined in class path resource [org/springframework/boot/autoconfigure/data/mongo/MongoDatabaseFactoryDependentConfiguration.class]: Unsatisfied dependency expressed through method 'mongoTemplate' parameter 0; nested exception is org.springframework.beans.factory.UnsatisfiedDependencyException: Error creating bean with name 'mongoDatabaseFactory' defined in class path resource [org/springframework/boot/autoconfigure/data/mongo/MongoDatabaseFactoryConfiguration.class]: Unsatisfied dependency expressed through method 'mongoDatabaseFactory' parameter 0; nested exception is org.springframework.beans.factory.BeanCreationException: Error creating bean with name 'mongo' defined in class path resource [org/springframework/boot/autoconfigure/mongo/MongoAutoConfiguration.class]: Bean instantiation via factory method failed; nested exception is org.springframework.beans.BeanInstantiationException: Failed to instantiate [com.mongodb.client.MongoClient]: Factory method 'mongo' threw exception; nested exception is com.mongodb.MongoConfigurationException: Unable to look up TXT record for host flights.kiatw.mongodb.net
	at org.springframework.beans.factory.support.ConstructorResolver.createArgumentArray(ConstructorResolver.java:800)
	at org.springframework.beans.factory.support.ConstructorResolver.instantiateUsingFactoryMethod(ConstructorResolver.java:541)
	at org.springframework.beans.factory.support.AbstractAutowireCapableBeanFactory.instantiateUsingFactoryMethod(AbstractAutowireCapableBeanFactory.java:1334)
	at org.springframework.beans.factory.support.AbstractAutowireCapableBeanFactory.createBeanInstance(AbstractAutowireCapableBeanFactory.java:1177)
	at org.springframework.beans.factory.support.AbstractAutowireCapableBeanFactory.doCreateBean(AbstractAutowireCapableBeanFactory.java:564)
	at org.springframework.beans.factory.support.AbstractAutowireCapableBeanFactory.createBean(AbstractAutowireCapableBeanFactory.java:524)
	at org.springframework.beans.factory.support.AbstractBeanFactory.lambda$doGetBean$0(AbstractBeanFactory.java:335)
	at org.springframework.beans.factory.support.DefaultSingletonBeanRegistry.getSingleton(DefaultSingletonBeanRegistry.java:234)
	at org.springframework.beans.factory.support.AbstractBeanFactory.doGetBean(AbstractBeanFactory.java:333)
	at org.springframework.beans.factory.support.AbstractBeanFactory.getBean(AbstractBeanFactory.java:208)
	at org.springframework.beans.factory.support.BeanDefinitionValueResolver.resolveReference(BeanDefinitionValueResolver.java:330)
	... 38 common frames omitted
Caused by: org.springframework.beans.factory.UnsatisfiedDependencyException: Error creating bean with name 'mongoDatabaseFactory' defined in class path resource [org/springframework/boot/autoconfigure/data/mongo/MongoDatabaseFactoryConfiguration.class]: Unsatisfied dependency expressed through method 'mongoDatabaseFactory' parameter 0; nested exception is org.springframework.beans.factory.BeanCreationException: Error creating bean with name 'mongo' defined in class path resource [org/springframework/boot/autoconfigure/mongo/MongoAutoConfiguration.class]: Bean instantiation via factory method failed; nested exception is org.springframework.beans.BeanInstantiationException: Failed to instantiate [com.mongodb.client.MongoClient]: Factory method 'mongo' threw exception; nested exception is com.mongodb.MongoConfigurationException: Unable to look up TXT record for host flights.kiatw.mongodb.net
	at org.springframework.beans.factory.support.ConstructorResolver.createArgumentArray(ConstructorResolver.java:800)
	at org.springframework.beans.factory.support.ConstructorResolver.instantiateUsingFactoryMethod(ConstructorResolver.java:541)
	at org.springframework.beans.factory.support.AbstractAutowireCapableBeanFactory.instantiateUsingFactoryMethod(AbstractAutowireCapableBeanFactory.java:1334)
	at org.springframework.beans.factory.support.AbstractAutowireCapableBeanFactory.createBeanInstance(AbstractAutowireCapableBeanFactory.java:1177)
	at org.springframework.beans.factory.support.AbstractAutowireCapableBeanFactory.doCreateBean(AbstractAutowireCapableBeanFactory.java:564)
	at org.springframework.beans.factory.support.AbstractAutowireCapableBeanFactory.createBean(AbstractAutowireCapableBeanFactory.java:524)
	at org.springframework.beans.factory.support.AbstractBeanFactory.lambda$doGetBean$0(AbstractBeanFactory.java:335)
	at org.springframework.beans.factory.support.DefaultSingletonBeanRegistry.getSingleton(DefaultSingletonBeanRegistry.java:234)
	at org.springframework.beans.factory.support.AbstractBeanFactory.doGetBean(AbstractBeanFactory.java:333)
	at org.springframework.beans.factory.support.AbstractBeanFactory.getBean(AbstractBeanFactory.java:208)
	at org.springframework.beans.factory.config.DependencyDescriptor.resolveCandidate(DependencyDescriptor.java:276)
	at org.springframework.beans.factory.support.DefaultListableBeanFactory.doResolveDependency(DefaultListableBeanFactory.java:1380)
	at org.springframework.beans.factory.support.DefaultListableBeanFactory.resolveDependency(DefaultListableBeanFactory.java:1300)
	at org.springframework.beans.factory.support.ConstructorResolver.resolveAutowiredArgument(ConstructorResolver.java:887)
	at org.springframework.beans.factory.support.ConstructorResolver.createArgumentArray(ConstructorResolver.java:791)
	... 48 common frames omitted
Caused by: org.springframework.beans.factory.BeanCreationException: Error creating bean with name 'mongo' defined in class path resource [org/springframework/boot/autoconfigure/mongo/MongoAutoConfiguration.class]: Bean instantiation via factory method failed; nested exception is org.springframework.beans.BeanInstantiationException: Failed to instantiate [com.mongodb.client.MongoClient]: Factory method 'mongo' threw exception; nested exception is com.mongodb.MongoConfigurationException: Unable to look up TXT record for host flights.kiatw.mongodb.net
	at org.springframework.beans.factory.support.ConstructorResolver.instantiate(ConstructorResolver.java:658)
	at org.springframework.beans.factory.support.ConstructorResolver.instantiateUsingFactoryMethod(ConstructorResolver.java:638)
	at org.springframework.beans.factory.support.AbstractAutowireCapableBeanFactory.instantiateUsingFactoryMethod(AbstractAutowireCapableBeanFactory.java:1334)
	at org.springframework.beans.factory.support.AbstractAutowireCapableBeanFactory.createBeanInstance(AbstractAutowireCapableBeanFactory.java:1177)
	at org.springframework.beans.factory.support.AbstractAutowireCapableBeanFactory.doCreateBean(AbstractAutowireCapableBeanFactory.java:564)
	at org.springframework.beans.factory.support.AbstractAutowireCapableBeanFactory.createBean(AbstractAutowireCapableBeanFactory.java:524)
	at org.springframework.beans.factory.support.AbstractBeanFactory.lambda$doGetBean$0(AbstractBeanFactory.java:335)
	at org.springframework.beans.factory.support.DefaultSingletonBeanRegistry.getSingleton(DefaultSingletonBeanRegistry.java:234)
	at org.springframework.beans.factory.support.AbstractBeanFactory.doGetBean(AbstractBeanFactory.java:333)
	at org.springframework.beans.factory.support.AbstractBeanFactory.getBean(AbstractBeanFactory.java:208)
	at org.springframework.beans.factory.config.DependencyDescriptor.resolveCandidate(DependencyDescriptor.java:276)
	at org.springframework.beans.factory.support.DefaultListableBeanFactory.doResolveDependency(DefaultListableBeanFactory.java:1380)
	at org.springframework.beans.factory.support.DefaultListableBeanFactory.resolveDependency(DefaultListableBeanFactory.java:1300)
	at org.springframework.beans.factory.support.ConstructorResolver.resolveAutowiredArgument(ConstructorResolver.java:887)
	at org.springframework.beans.factory.support.ConstructorResolver.createArgumentArray(ConstructorResolver.java:791)
	... 62 common frames omitted
Caused by: org.springframework.beans.BeanInstantiationException: Failed to instantiate [com.mongodb.client.MongoClient]: Factory method 'mongo' threw exception; nested exception is com.mongodb.MongoConfigurationException: Unable to look up TXT record for host flights.kiatw.mongodb.net
	at org.springframework.beans.factory.support.SimpleInstantiationStrategy.instantiate(SimpleInstantiationStrategy.java:185)
	at org.springframework.beans.factory.support.ConstructorResolver.instantiate(ConstructorResolver.java:653)
	... 76 common frames omitted
Caused by: com.mongodb.MongoConfigurationException: Unable to look up TXT record for host flights.kiatw.mongodb.net
	at com.mongodb.internal.dns.DefaultDnsResolver.resolveAdditionalQueryParametersFromTxtRecords(DefaultDnsResolver.java:131)
	at com.mongodb.ConnectionString.<init>(ConnectionString.java:381)
	at org.springframework.boot.autoconfigure.mongo.MongoPropertiesClientSettingsBuilderCustomizer.applyHostAndPort(MongoPropertiesClientSettingsBuilderCustomizer.java:84)
	at org.springframework.boot.autoconfigure.mongo.MongoPropertiesClientSettingsBuilderCustomizer.customize(MongoPropertiesClientSettingsBuilderCustomizer.java:54)
	at org.springframework.boot.autoconfigure.mongo.MongoClientFactorySupport.customize(MongoClientFactorySupport.java:55)
	at org.springframework.boot.autoconfigure.mongo.MongoClientFactorySupport.createMongoClient(MongoClientFactorySupport.java:49)
	at org.springframework.boot.autoconfigure.mongo.MongoAutoConfiguration.mongo(MongoAutoConfiguration.java:55)
	at sun.reflect.NativeMethodAccessorImpl.invoke0(Native Method)
	at sun.reflect.NativeMethodAccessorImpl.invoke(NativeMethodAccessorImpl.java:62)
	at sun.reflect.DelegatingMethodAccessorImpl.invoke(DelegatingMethodAccessorImpl.java:43)
	at java.lang.reflect.Method.invoke(Method.java:498)
	at org.springframework.beans.factory.support.SimpleInstantiationStrategy.instantiate(SimpleInstantiationStrategy.java:154)
	... 77 common frames omitted
Caused by: javax.naming.CommunicationException: DNS error
	at com.sun.jndi.dns.DnsClient.query(DnsClient.java:312)
	at com.sun.jndi.dns.Resolver.query(Resolver.java:81)
	at com.sun.jndi.dns.DnsContext.c_getAttributes(DnsContext.java:434)
	at com.sun.jndi.toolkit.ctx.ComponentDirContext.p_getAttributes(ComponentDirContext.java:235)
	at com.sun.jndi.toolkit.ctx.PartialCompositeDirContext.getAttributes(PartialCompositeDirContext.java:141)
	at com.sun.jndi.toolkit.ctx.PartialCompositeDirContext.getAttributes(PartialCompositeDirContext.java:129)
	at javax.naming.directory.InitialDirContext.getAttributes(InitialDirContext.java:142)
	at com.mongodb.internal.dns.DefaultDnsResolver.resolveAdditionalQueryParametersFromTxtRecords(DefaultDnsResolver.java:114)
	... 88 common frames omitted
Caused by: java.net.SocketTimeoutException: Receive timed out
	at java.net.DualStackPlainDatagramSocketImpl.socketReceiveOrPeekData(Native Method)
	at java.net.DualStackPlainDatagramSocketImpl.receive0(DualStackPlainDatagramSocketImpl.java:124)
	at java.net.AbstractPlainDatagramSocketImpl.receive(AbstractPlainDatagramSocketImpl.java:143)
	at java.net.DatagramSocket.receive(DatagramSocket.java:812)
	at com.sun.jndi.dns.DnsClient.doUdpQuery(DnsClient.java:422)
	at com.sun.jndi.dns.DnsClient.query(DnsClient.java:211)
	... 95 common frames omitted
2021-10-12 11:11:47,870 [INFO] com.flightSerachMicroservice.FlightSerachMicroserviceApplication [restartedMain] Starting FlightSerachMicroserviceApplication using Java 1.8.0_181 on Amar with PID 7540 (C:\Users\amarm_000\Desktop\FlightBookingSystemApp\flightSerachMicroservice\target\classes started by Amar in C:\Users\amarm_000\Desktop\FlightBookingSystemApp\flightSerachMicroservice)
2021-10-12 11:11:47,892 [INFO] com.flightSerachMicroservice.FlightSerachMicroserviceApplication [restartedMain] No active profile set, falling back to default profiles: default
2021-10-12 11:11:48,203 [INFO] org.springframework.boot.devtools.env.DevToolsPropertyDefaultsPostProcessor [restartedMain] Devtools property defaults active! Set 'spring.devtools.add-properties' to 'false' to disable
2021-10-12 11:11:48,204 [INFO] org.springframework.boot.devtools.env.DevToolsPropertyDefaultsPostProcessor [restartedMain] For additional web related logging consider setting the 'logging.level.web' property to 'DEBUG'
2021-10-12 11:11:55,897 [INFO] org.springframework.data.repository.config.RepositoryConfigurationDelegate [restartedMain] Bootstrapping Spring Data MongoDB repositories in DEFAULT mode.
2021-10-12 11:11:58,621 [INFO] org.springframework.data.repository.config.RepositoryConfigurationDelegate [restartedMain] Finished Spring Data repository scanning in 2651 ms. Found 1 MongoDB repository interfaces.
2021-10-12 11:12:03,222 [INFO] org.springframework.cloud.context.scope.GenericScope [restartedMain] BeanFactory id=1c1a262e-48f8-3083-8b88-edc009825d80
2021-10-12 11:12:21,479 [INFO] org.springframework.boot.web.embedded.tomcat.TomcatWebServer [restartedMain] Tomcat initialized with port(s): 8080 (http)
2021-10-12 11:12:21,799 [INFO] org.apache.catalina.core.StandardService [restartedMain] Starting service [Tomcat]
2021-10-12 11:12:21,800 [INFO] org.apache.catalina.core.StandardEngine [restartedMain] Starting Servlet engine: [Apache Tomcat/9.0.52]
2021-10-12 11:12:23,697 [INFO] org.apache.catalina.core.ContainerBase.[Tomcat].[localhost].[/] [restartedMain] Initializing Spring embedded WebApplicationContext
2021-10-12 11:12:23,701 [INFO] org.springframework.boot.web.servlet.context.ServletWebServerApplicationContext [restartedMain] Root WebApplicationContext: initialization completed in 35495 ms
2021-10-12 11:12:27,063 [INFO] org.mongodb.driver.cluster [restartedMain] Cluster created with settings {hosts=[127.0.0.1:27017], srvHost=flights.kiatw.mongodb.net, mode=MULTIPLE, requiredClusterType=REPLICA_SET, serverSelectionTimeout='30000 ms', requiredReplicaSetName='atlas-b6g6u5-shard-0'}
2021-10-12 11:12:27,233 [INFO] org.mongodb.driver.cluster [cluster-ClusterId{value='616520435897df11581ba062', description='null'}-srv-flights.kiatw.mongodb.net] Adding discovered server flights-shard-00-02.kiatw.mongodb.net:27017 to client view of cluster
2021-10-12 11:12:27,305 [INFO] org.mongodb.driver.cluster [cluster-ClusterId{value='616520435897df11581ba062', description='null'}-srv-flights.kiatw.mongodb.net] Adding discovered server flights-shard-00-01.kiatw.mongodb.net:27017 to client view of cluster
2021-10-12 11:12:27,307 [INFO] org.mongodb.driver.cluster [cluster-ClusterId{value='616520435897df11581ba062', description='null'}-srv-flights.kiatw.mongodb.net] Adding discovered server flights-shard-00-00.kiatw.mongodb.net:27017 to client view of cluster
2021-10-12 11:12:28,824 [WARN] org.springframework.data.convert.CustomConversions [restartedMain] Registering converter from class java.time.LocalDateTime to class org.joda.time.LocalDateTime as reading converter although it doesn't convert from a store-supported type! You might want to check your annotation setup at the converter implementation.
2021-10-12 11:12:29,821 [WARN] org.springframework.boot.devtools.autoconfigure.OptionalLiveReloadServer [restartedMain] Unable to start LiveReload server
2021-10-12 11:12:30,861 [WARN] org.springframework.data.convert.CustomConversions [restartedMain] Registering converter from class java.time.LocalDateTime to class org.joda.time.LocalDateTime as reading converter although it doesn't convert from a store-supported type! You might want to check your annotation setup at the converter implementation.
2021-10-12 11:12:33,104 [INFO] org.mongodb.driver.connection [cluster-ClusterId{value='616520435897df11581ba062', description='null'}-flights-shard-00-02.kiatw.mongodb.net:27017] Opened connection [connectionId{localValue:6, serverValue:182126}] to flights-shard-00-02.kiatw.mongodb.net:27017
2021-10-12 11:12:33,105 [INFO] org.mongodb.driver.connection [cluster-ClusterId{value='616520435897df11581ba062', description='null'}-flights-shard-00-01.kiatw.mongodb.net:27017] Opened connection [connectionId{localValue:5, serverValue:167137}] to flights-shard-00-01.kiatw.mongodb.net:27017
2021-10-12 11:12:33,105 [INFO] org.mongodb.driver.cluster [cluster-ClusterId{value='616520435897df11581ba062', description='null'}-flights-shard-00-02.kiatw.mongodb.net:27017] Monitor thread successfully connected to server with description ServerDescription{address=flights-shard-00-02.kiatw.mongodb.net:27017, type=REPLICA_SET_PRIMARY, state=CONNECTED, ok=true, minWireVersion=0, maxWireVersion=9, maxDocumentSize=16777216, logicalSessionTimeoutMinutes=30, roundTripTimeNanos=1442728500, setName='atlas-b6g6u5-shard-0', canonicalAddress=flights-shard-00-02.kiatw.mongodb.net:27017, hosts=[flights-shard-00-02.kiatw.mongodb.net:27017, flights-shard-00-00.kiatw.mongodb.net:27017, flights-shard-00-01.kiatw.mongodb.net:27017], passives=[], arbiters=[], primary='flights-shard-00-02.kiatw.mongodb.net:27017', tagSet=TagSet{[Tag{name='nodeType', value='ELECTABLE'}, Tag{name='provider', value='AWS'}, Tag{name='region', value='US_EAST_1'}, Tag{name='workloadType', value='OPERATIONAL'}]}, electionId=7fffffff0000000000000070, setVersion=6, topologyVersion=TopologyVersion{processId=6157211bf3bc4991aad6c32f, counter=6}, lastWriteDate=Tue Oct 12 11:14:02 IST 2021, lastUpdateTimeNanos=74716310725700}
2021-10-12 11:12:33,106 [INFO] org.mongodb.driver.cluster [cluster-ClusterId{value='616520435897df11581ba062', description='null'}-flights-shard-00-01.kiatw.mongodb.net:27017] Monitor thread successfully connected to server with description ServerDescription{address=flights-shard-00-01.kiatw.mongodb.net:27017, type=REPLICA_SET_SECONDARY, state=CONNECTED, ok=true, minWireVersion=0, maxWireVersion=9, maxDocumentSize=16777216, logicalSessionTimeoutMinutes=30, roundTripTimeNanos=1445438400, setName='atlas-b6g6u5-shard-0', canonicalAddress=flights-shard-00-01.kiatw.mongodb.net:27017, hosts=[flights-shard-00-02.kiatw.mongodb.net:27017, flights-shard-00-00.kiatw.mongodb.net:27017, flights-shard-00-01.kiatw.mongodb.net:27017], passives=[], arbiters=[], primary='flights-shard-00-02.kiatw.mongodb.net:27017', tagSet=TagSet{[Tag{name='nodeType', value='ELECTABLE'}, Tag{name='provider', value='AWS'}, Tag{name='region', value='US_EAST_1'}, Tag{name='workloadType', value='OPERATIONAL'}]}, electionId=null, setVersion=6, topologyVersion=TopologyVersion{processId=615721e6752cef0c089dbcff, counter=4}, lastWriteDate=Tue Oct 12 11:14:02 IST 2021, lastUpdateTimeNanos=74716311520000}
2021-10-12 11:12:33,107 [INFO] org.mongodb.driver.connection [cluster-rtt-ClusterId{value='616520435897df11581ba062', description='null'}-flights-shard-00-02.kiatw.mongodb.net:27017] Opened connection [connectionId{localValue:1, serverValue:182134}] to flights-shard-00-02.kiatw.mongodb.net:27017
2021-10-12 11:12:33,108 [INFO] org.mongodb.driver.connection [cluster-rtt-ClusterId{value='616520435897df11581ba062', description='null'}-flights-shard-00-01.kiatw.mongodb.net:27017] Opened connection [connectionId{localValue:4, serverValue:167137}] to flights-shard-00-01.kiatw.mongodb.net:27017
2021-10-12 11:12:33,109 [INFO] org.mongodb.driver.connection [cluster-ClusterId{value='616520435897df11581ba062', description='null'}-flights-shard-00-00.kiatw.mongodb.net:27017] Opened connection [connectionId{localValue:2, serverValue:167855}] to flights-shard-00-00.kiatw.mongodb.net:27017
2021-10-12 11:12:33,109 [INFO] org.mongodb.driver.connection [cluster-rtt-ClusterId{value='616520435897df11581ba062', description='null'}-flights-shard-00-00.kiatw.mongodb.net:27017] Opened connection [connectionId{localValue:3, serverValue:167855}] to flights-shard-00-00.kiatw.mongodb.net:27017
2021-10-12 11:12:33,110 [INFO] org.mongodb.driver.cluster [cluster-ClusterId{value='616520435897df11581ba062', description='null'}-flights-shard-00-00.kiatw.mongodb.net:27017] Monitor thread successfully connected to server with description ServerDescription{address=flights-shard-00-00.kiatw.mongodb.net:27017, type=REPLICA_SET_SECONDARY, state=CONNECTED, ok=true, minWireVersion=0, maxWireVersion=9, maxDocumentSize=16777216, logicalSessionTimeoutMinutes=30, roundTripTimeNanos=1446159700, setName='atlas-b6g6u5-shard-0', canonicalAddress=flights-shard-00-00.kiatw.mongodb.net:27017, hosts=[flights-shard-00-02.kiatw.mongodb.net:27017, flights-shard-00-00.kiatw.mongodb.net:27017, flights-shard-00-01.kiatw.mongodb.net:27017], passives=[], arbiters=[], primary='flights-shard-00-02.kiatw.mongodb.net:27017', tagSet=TagSet{[Tag{name='nodeType', value='ELECTABLE'}, Tag{name='provider', value='AWS'}, Tag{name='region', value='US_EAST_1'}, Tag{name='workloadType', value='OPERATIONAL'}]}, electionId=null, setVersion=6, topologyVersion=TopologyVersion{processId=61572026439ec7cf62112715, counter=4}, lastWriteDate=Tue Oct 12 11:14:02 IST 2021, lastUpdateTimeNanos=74716312763000}
2021-10-12 11:12:33,111 [INFO] org.mongodb.driver.cluster [cluster-ClusterId{value='616520435897df11581ba062', description='null'}-flights-shard-00-02.kiatw.mongodb.net:27017] Setting max election id to 7fffffff0000000000000070 from replica set primary flights-shard-00-02.kiatw.mongodb.net:27017
2021-10-12 11:12:33,130 [INFO] org.mongodb.driver.cluster [cluster-ClusterId{value='616520435897df11581ba062', description='null'}-flights-shard-00-02.kiatw.mongodb.net:27017] Setting max set version to 6 from replica set primary flights-shard-00-02.kiatw.mongodb.net:27017
2021-10-12 11:12:33,130 [INFO] org.mongodb.driver.cluster [cluster-ClusterId{value='616520435897df11581ba062', description='null'}-flights-shard-00-02.kiatw.mongodb.net:27017] Discovered replica set primary flights-shard-00-02.kiatw.mongodb.net:27017
2021-10-12 11:12:37,813 [INFO] springfox.documentation.spring.web.PropertySourcedRequestMappingHandlerMapping [restartedMain] Mapped URL path [/v2/api-docs] onto method [springfox.documentation.swagger2.web.Swagger2Controller#getDocumentation(String, HttpServletRequest)]
2021-10-12 11:12:42,387 [INFO] org.springframework.cloud.netflix.eureka.config.DiscoveryClientOptionalArgsConfiguration [restartedMain] Eureka HTTP Client uses RestTemplate.
2021-10-12 11:12:44,023 [WARN] org.springframework.cloud.loadbalancer.config.LoadBalancerCacheAutoConfiguration$LoadBalancerCaffeineWarnLogger [restartedMain] Spring Cloud LoadBalancer is currently working with the default cache. You can switch to using Caffeine cache, by adding it and org.springframework.cache.caffeine.CaffeineCacheManager to the classpath.
2021-10-12 11:12:44,121 [INFO] org.springframework.cloud.netflix.eureka.InstanceInfoFactory [restartedMain] Setting initial instance status as: STARTING
2021-10-12 11:12:45,150 [INFO] com.netflix.discovery.DiscoveryClient [restartedMain] Initializing Eureka in region us-east-1
2021-10-12 11:12:45,325 [INFO] com.netflix.discovery.shared.resolver.aws.ConfigClusterResolver [restartedMain] Resolving eureka endpoints via configuration
2021-10-12 11:12:45,691 [INFO] com.netflix.discovery.DiscoveryClient [restartedMain] Disable delta property : false
2021-10-12 11:12:45,692 [INFO] com.netflix.discovery.DiscoveryClient [restartedMain] Single vip registry refresh property : null
2021-10-12 11:12:45,692 [INFO] com.netflix.discovery.DiscoveryClient [restartedMain] Force full registry fetch : false
2021-10-12 11:12:45,693 [INFO] com.netflix.discovery.DiscoveryClient [restartedMain] Application is null : false
2021-10-12 11:12:45,693 [INFO] com.netflix.discovery.DiscoveryClient [restartedMain] Registered Applications size is zero : true
2021-10-12 11:12:45,693 [INFO] com.netflix.discovery.DiscoveryClient [restartedMain] Application version is -1: true
2021-10-12 11:12:45,694 [INFO] com.netflix.discovery.DiscoveryClient [restartedMain] Getting all instance registry info from the eureka server
2021-10-12 11:12:48,662 [INFO] com.netflix.discovery.DiscoveryClient [restartedMain] The response status is 200
2021-10-12 11:12:48,781 [INFO] com.netflix.discovery.DiscoveryClient [restartedMain] Starting heartbeat executor: renew interval is: 30
2021-10-12 11:12:48,787 [INFO] com.netflix.discovery.InstanceInfoReplicator [restartedMain] InstanceInfoReplicator onDemand update allowed rate per min is 4
2021-10-12 11:12:49,208 [INFO] com.netflix.discovery.DiscoveryClient [restartedMain] Discovery Client initialized at timestamp 1634017368810 with initial instances count: 4
2021-10-12 11:12:49,211 [INFO] org.springframework.cloud.netflix.eureka.serviceregistry.EurekaServiceRegistry [restartedMain] Registering application FLIGHT-SEARCH-MICROSERVICE with eureka with status UP
2021-10-12 11:12:49,213 [INFO] com.netflix.discovery.DiscoveryClient [restartedMain] Saw local status change event StatusChangeEvent [timestamp=1634017369213, current=UP, previous=STARTING]
2021-10-12 11:12:49,224 [INFO] com.netflix.discovery.DiscoveryClient [DiscoveryClient-InstanceInfoReplicator-0] DiscoveryClient_FLIGHT-SEARCH-MICROSERVICE/Amar:Flight-Search-Microservice: registering service...
2021-10-12 11:12:51,352 [INFO] org.springframework.boot.web.embedded.tomcat.TomcatWebServer [restartedMain] Tomcat started on port(s): 8080 (http) with context path ''
2021-10-12 11:12:51,356 [INFO] org.springframework.cloud.netflix.eureka.serviceregistry.EurekaAutoServiceRegistration [restartedMain] Updating port to 8080
2021-10-12 11:12:51,509 [INFO] com.netflix.discovery.DiscoveryClient [DiscoveryClient-InstanceInfoReplicator-0] DiscoveryClient_FLIGHT-SEARCH-MICROSERVICE/Amar:Flight-Search-Microservice - registration status: 204
2021-10-12 11:12:53,722 [INFO] springfox.documentation.spring.web.plugins.DocumentationPluginsBootstrapper [restartedMain] Context refreshed
2021-10-12 11:12:53,847 [INFO] springfox.documentation.spring.web.plugins.DocumentationPluginsBootstrapper [restartedMain] Found 1 custom documentation plugin(s)
2021-10-12 11:12:53,967 [INFO] springfox.documentation.spring.web.scanners.ApiListingReferenceScanner [restartedMain] Scanning for api listing references
2021-10-12 11:12:56,208 [INFO] com.flightSerachMicroservice.FlightSerachMicroserviceApplication [restartedMain] Started FlightSerachMicroserviceApplication in 73.044 seconds (JVM running for 76.469)
2021-10-12 11:17:45,704 [INFO] com.netflix.discovery.shared.resolver.aws.ConfigClusterResolver [AsyncResolver-bootstrap-executor-0] Resolving eureka endpoints via configuration
2021-10-12 11:22:45,708 [INFO] com.netflix.discovery.shared.resolver.aws.ConfigClusterResolver [AsyncResolver-bootstrap-executor-0] Resolving eureka endpoints via configuration
2021-10-12 11:27:45,712 [INFO] com.netflix.discovery.shared.resolver.aws.ConfigClusterResolver [AsyncResolver-bootstrap-executor-0] Resolving eureka endpoints via configuration
2021-10-12 11:32:45,728 [INFO] com.netflix.discovery.shared.resolver.aws.ConfigClusterResolver [AsyncResolver-bootstrap-executor-0] Resolving eureka endpoints via configuration
2021-10-12 11:37:45,738 [INFO] com.netflix.discovery.shared.resolver.aws.ConfigClusterResolver [AsyncResolver-bootstrap-executor-0] Resolving eureka endpoints via configuration
2021-10-12 11:42:45,748 [INFO] com.netflix.discovery.shared.resolver.aws.ConfigClusterResolver [AsyncResolver-bootstrap-executor-0] Resolving eureka endpoints via configuration
2021-10-12 11:47:45,765 [INFO] com.netflix.discovery.shared.resolver.aws.ConfigClusterResolver [AsyncResolver-bootstrap-executor-0] Resolving eureka endpoints via configuration
2021-10-12 11:52:45,779 [INFO] com.netflix.discovery.shared.resolver.aws.ConfigClusterResolver [AsyncResolver-bootstrap-executor-0] Resolving eureka endpoints via configuration
2021-10-12 11:57:45,787 [INFO] com.netflix.discovery.shared.resolver.aws.ConfigClusterResolver [AsyncResolver-bootstrap-executor-0] Resolving eureka endpoints via configuration
2021-10-12 12:02:45,808 [INFO] com.netflix.discovery.shared.resolver.aws.ConfigClusterResolver [AsyncResolver-bootstrap-executor-0] Resolving eureka endpoints via configuration
2021-10-12 12:07:45,811 [INFO] com.netflix.discovery.shared.resolver.aws.ConfigClusterResolver [AsyncResolver-bootstrap-executor-0] Resolving eureka endpoints via configuration
2021-10-12 12:12:45,823 [INFO] com.netflix.discovery.shared.resolver.aws.ConfigClusterResolver [AsyncResolver-bootstrap-executor-0] Resolving eureka endpoints via configuration
